This file contains any messages produced by compilers while
running configure, to aid debugging if configure makes a mistake.

It was created by no-dice configure 0.3.0, which was
generated by GNU Autoconf 2.67.  Invocation command line was

  $ ./configure 

## --------- ##
## Platform. ##
## --------- ##

hostname = hsb-virtual-machine
uname -m = i686
uname -r = 3.8.0-29-generic
uname -s = Linux
uname -v = #42~precise1-Ubuntu SMP Wed Aug 14 15:31:16 UTC 2013

/usr/bin/uname -p = unknown
/bin/uname -X     = unknown

/bin/arch              = unknown
/usr/bin/arch -k       = unknown
/usr/convex/getsysinfo = unknown
/usr/bin/hostinfo      = unknown
/bin/machine           = unknown
/usr/bin/oslevel       = unknown
/bin/universe          = unknown

PATH: /usr/local/sbin
PATH: /usr/local/bin
PATH: /usr/sbin
PATH: /usr/bin
PATH: /sbin
PATH: /bin
PATH: /usr/games


## ----------- ##
## Core tests. ##
## ----------- ##

configure:2097: checking for a BSD-compatible install
configure:2165: result: /usr/bin/install -c
configure:2176: checking whether build environment is sane
configure:2226: result: yes
configure:2367: checking for a thread-safe mkdir -p
configure:2406: result: /bin/mkdir -p
configure:2419: checking for gawk
configure:2449: result: no
configure:2419: checking for mawk
configure:2435: found /usr/bin/mawk
configure:2446: result: mawk
configure:2457: checking whether make sets $(MAKE)
configure:2479: result: yes
configure:2631: checking for g++
configure:2647: found /usr/bin/g++
configure:2658: result: g++
configure:2685: checking for C++ compiler version
configure:2694: g++ --version >&5
g++ (Ubuntu/Linaro 4.6.3-1ubuntu5) 4.6.3
Copyright (C) 2011 Free Software Foundation, Inc.
This is free software; see the source for copying conditions.  There is NO
warranty; not even for MERCHANTABILITY or FITNESS FOR A PARTICULAR PURPOSE.

configure:2705: $? = 0
configure:2694: g++ -v >&5
Using built-in specs.
COLLECT_GCC=g++
COLLECT_LTO_WRAPPER=/usr/lib/gcc/i686-linux-gnu/4.6/lto-wrapper
Target: i686-linux-gnu
Configured with: ../src/configure -v --with-pkgversion='Ubuntu/Linaro 4.6.3-1ubuntu5' --with-bugurl=file:///usr/share/doc/gcc-4.6/README.Bugs --enable-languages=c,c++,fortran,objc,obj-c++ --prefix=/usr --program-suffix=-4.6 --enable-shared --enable-linker-build-id --with-system-zlib --libexecdir=/usr/lib --without-included-gettext --enable-threads=posix --with-gxx-include-dir=/usr/include/c++/4.6 --libdir=/usr/lib --enable-nls --with-sysroot=/ --enable-clocale=gnu --enable-libstdcxx-debug --enable-libstdcxx-time=yes --enable-gnu-unique-object --enable-plugin --enable-objc-gc --enable-targets=all --disable-werror --with-arch-32=i686 --with-tune=generic --enable-checking=release --build=i686-linux-gnu --host=i686-linux-gnu --target=i686-linux-gnu
Thread model: posix
gcc version 4.6.3 (Ubuntu/Linaro 4.6.3-1ubuntu5) 
configure:2705: $? = 0
configure:2694: g++ -V >&5
g++: error: unrecognized option '-V'
g++: fatal error: no input files
compilation terminated.
configure:2705: $? = 4
configure:2694: g++ -qversion >&5
g++: error: unrecognized option '-qversion'
g++: fatal error: no input files
compilation terminated.
configure:2705: $? = 4
configure:2725: checking whether the C++ compiler works
configure:2747: g++    conftest.cpp  >&5
configure:2751: $? = 0
configure:2799: result: yes
configure:2802: checking for C++ compiler default output file name
configure:2804: result: a.out
configure:2810: checking for suffix of executables
configure:2817: g++ -o conftest    conftest.cpp  >&5
configure:2821: $? = 0
configure:2843: result: 
configure:2865: checking whether we are cross compiling
configure:2873: g++ -o conftest    conftest.cpp  >&5
configure:2877: $? = 0
configure:2884: ./conftest
configure:2888: $? = 0
configure:2903: result: no
configure:2908: checking for suffix of object files
configure:2930: g++ -c   conftest.cpp >&5
configure:2934: $? = 0
configure:2955: result: o
configure:2959: checking whether we are using the GNU C++ compiler
configure:2978: g++ -c   conftest.cpp >&5
configure:2978: $? = 0
configure:2987: result: yes
configure:2996: checking whether g++ accepts -g
configure:3016: g++ -c -g  conftest.cpp >&5
configure:3016: $? = 0
configure:3057: result: yes
configure:3091: checking for style of include used by make
configure:3119: result: GNU
configure:3144: checking dependency style of g++
configure:3254: result: gcc3
configure:3338: checking for pkg-config
configure:3356: found /usr/bin/pkg-config
configure:3368: result: /usr/bin/pkg-config
configure:3393: checking pkg-config is at least version 0.9.0
configure:3396: result: yes
configure:3406: checking for SDL
configure:3413: $PKG_CONFIG --exists --print-errors "sdl >= 1.2.11"
configure:3416: $? = 0
configure:3429: $PKG_CONFIG --exists --print-errors "sdl >= 1.2.11"
configure:3432: $? = 0
configure:3489: result: yes
configure:3495: checking for FREETYPE
configure:3502: $PKG_CONFIG --exists --print-errors "freetype2 >= 9.10.3"
configure:3505: $? = 0
configure:3518: $PKG_CONFIG --exists --print-errors "freetype2 >= 9.10.3"
configure:3521: $? = 0
configure:3578: result: yes
configure:3584: checking for GL
configure:3591: $PKG_CONFIG --exists --print-errors "gl >= 7"
configure:3594: $? = 0
configure:3607: $PKG_CONFIG --exists --print-errors "gl >= 7"
configure:3610: $? = 0
configure:3667: result: yes
configure:4243: creating ./config.status

## ---------------------- ##
## Running config.status. ##
## ---------------------- ##

This file was extended by no-dice config.status 0.3.0, which was
generated by GNU Autoconf 2.67.  Invocation command line was

  CONFIG_FILES    = 
  CONFIG_HEADERS  = 
  CONFIG_LINKS    = 
  CONFIG_COMMANDS = 
  $ ./config.status 

on hsb-virtual-machine

config.status:863: creating Makefile
config.status:863: creating nodice/Makefile
config.status:863: creating assets/Makefile
config.status:863: creating nodice_config.h
config.status:1043: nodice_config.h is unchanged
config.status:1091: executing depfiles commands

## ---------------- ##
## Cache variables. ##
## ---------------- ##

ac_cv_cxx_compiler_gnu=yes
ac_cv_env_CCC_set=
ac_cv_env_CCC_value=
ac_cv_env_CPPFLAGS_set=
ac_cv_env_CPPFLAGS_value=
ac_cv_env_CXXCPP_set=
ac_cv_env_CXXCPP_value=
ac_cv_env_CXXFLAGS_set=
ac_cv_env_CXXFLAGS_value=
ac_cv_env_CXX_set=
ac_cv_env_CXX_value=
ac_cv_env_FREETYPE_CFLAGS_set=
ac_cv_env_FREETYPE_CFLAGS_value=
ac_cv_env_FREETYPE_LIBS_set=
ac_cv_env_FREETYPE_LIBS_value=
ac_cv_env_GL_CFLAGS_set=
ac_cv_env_GL_CFLAGS_value=
ac_cv_env_GL_LIBS_set=
ac_cv_env_GL_LIBS_value=
ac_cv_env_LDFLAGS_set=
ac_cv_env_LDFLAGS_value=
ac_cv_env_LIBS_set=
ac_cv_env_LIBS_value=
ac_cv_env_PKG_CONFIG_LIBDIR_set=
ac_cv_env_PKG_CONFIG_LIBDIR_value=
ac_cv_env_PKG_CONFIG_PATH_set=
ac_cv_env_PKG_CONFIG_PATH_value=
ac_cv_env_PKG_CONFIG_set=
ac_cv_env_PKG_CONFIG_value=
ac_cv_env_SDL_CFLAGS_set=
ac_cv_env_SDL_CFLAGS_value=
ac_cv_env_SDL_LIBS_set=
ac_cv_env_SDL_LIBS_value=
ac_cv_env_build_alias_set=
ac_cv_env_build_alias_value=
ac_cv_env_host_alias_set=
ac_cv_env_host_alias_value=
ac_cv_env_target_alias_set=
ac_cv_env_target_alias_value=
ac_cv_objext=o
ac_cv_path_ac_pt_PKG_CONFIG=/usr/bin/pkg-config
ac_cv_path_install='/usr/bin/install -c'
ac_cv_path_mkdir=/bin/mkdir
ac_cv_prog_AWK=mawk
ac_cv_prog_ac_ct_CXX=g++
ac_cv_prog_cxx_g=yes
ac_cv_prog_make_make_set=yes
am_cv_CXX_dependencies_compiler_type=gcc3
pkg_cv_FREETYPE_CFLAGS='-I/usr/include/freetype2  '
pkg_cv_FREETYPE_LIBS='-lfreetype  '
pkg_cv_GL_CFLAGS=' '
pkg_cv_GL_LIBS='-lGL  '
pkg_cv_SDL_CFLAGS='-D_GNU_SOURCE=1 -D_REENTRANT -I/usr/include/SDL  '
pkg_cv_SDL_LIBS='-lSDL  '

## ----------------- ##
## Output variables. ##
## ----------------- ##

ACLOCAL='${SHELL} /root/git/team3-project/no-dice-0.3.0/config.aux/missing --run aclocal-1.11'
AMDEPBACKSLASH='\'
AMDEP_FALSE='#'
AMDEP_TRUE=''
AMTAR='${SHELL} /root/git/team3-project/no-dice-0.3.0/config.aux/missing --run tar'
AM_BACKSLASH='\'
AM_CXXFLAGS='-Wall -Wextra -Werror -pedantic -std=c++0x -D_GNU_SOURCE=1'
AM_DEFAULT_VERBOSITY='0'
AUTOCONF='${SHELL} /root/git/team3-project/no-dice-0.3.0/config.aux/missing --run autoconf'
AUTOHEADER='${SHELL} /root/git/team3-project/no-dice-0.3.0/config.aux/missing --run autoheader'
AUTOMAKE='${SHELL} /root/git/team3-project/no-dice-0.3.0/config.aux/missing --run automake-1.11'
AWK='mawk'
CPPFLAGS=''
CXX='g++'
CXXCPP=''
CXXDEPMODE='depmode=gcc3'
CXXFLAGS='-g -O2'
CYGPATH_W='echo'
DEFS='-DHAVE_CONFIG_H'
DEPDIR='.deps'
ECHO_C=''
ECHO_N='-n'
ECHO_T=''
EGREP=''
EXEEXT=''
FREETYPE_CFLAGS='-I/usr/include/freetype2  '
FREETYPE_LIBS='-lfreetype  '
GL_CFLAGS=' '
GL_LIBS='-lGL  '
GREP=''
HAVE_EGL_FALSE=''
HAVE_EGL_TRUE='#'
INSTALL_DATA='${INSTALL} -m 644'
INSTALL_PROGRAM='${INSTALL}'
INSTALL_SCRIPT='${INSTALL}'
INSTALL_STRIP_PROGRAM='$(install_sh) -c -s'
LDFLAGS=''
LIBOBJS=''
LIBS=''
LTLIBOBJS=''
MAKEINFO='${SHELL} /root/git/team3-project/no-dice-0.3.0/config.aux/missing --run makeinfo'
MKDIR_P='/bin/mkdir -p'
OBJEXT='o'
PACKAGE='no-dice'
PACKAGE_BUGREPORT='stephen.webb@bregmasoft.com'
PACKAGE_NAME='no-dice'
PACKAGE_STRING='no-dice 0.3.0'
PACKAGE_TARNAME='no-dice'
PACKAGE_URL=''
PACKAGE_VERSION='0.3.0'
PATH_SEPARATOR=':'
PKG_CONFIG='/usr/bin/pkg-config'
PKG_CONFIG_LIBDIR=''
PKG_CONFIG_PATH=''
SDL_CFLAGS='-D_GNU_SOURCE=1 -D_REENTRANT -I/usr/include/SDL  '
SDL_LIBS='-lSDL  '
SET_MAKE=''
SHELL='/bin/bash'
STRIP=''
VERSION='0.3.0'
ac_ct_CXX='g++'
am__EXEEXT_FALSE=''
am__EXEEXT_TRUE='#'
am__fastdepCXX_FALSE='#'
am__fastdepCXX_TRUE=''
am__include='include'
am__isrc=''
am__leading_dot='.'
am__quote=''
am__tar='${AMTAR} chof - "$$tardir"'
am__untar='${AMTAR} xf -'
bindir='${exec_prefix}/bin'
build_alias=''
datadir='${datarootdir}'
datarootdir='${prefix}/share'
docdir='${datarootdir}/doc/${PACKAGE_TARNAME}'
dvidir='${docdir}'
exec_prefix='${prefix}'
host_alias=''
htmldir='${docdir}'
includedir='${prefix}/include'
infodir='${datarootdir}/info'
install_sh='${SHELL} /root/git/team3-project/no-dice-0.3.0/config.aux/install-sh'
libdir='${exec_prefix}/lib'
libexecdir='${exec_prefix}/libexec'
localedir='${datarootdir}/locale'
localstatedir='${prefix}/var'
mandir='${datarootdir}/man'
mkdir_p='/bin/mkdir -p'
oldincludedir='/usr/include'
pdfdir='${docdir}'
prefix='/usr/local'
program_transform_name='s,x,x,'
psdir='${docdir}'
sbindir='${exec_prefix}/sbin'
sharedstatedir='${prefix}/com'
sysconfdir='${prefix}/etc'
target_alias=''

## ----------- ##
## confdefs.h. ##
## ----------- ##

/* confdefs.h */
#define PACKAGE_NAME "no-dice"
#define PACKAGE_TARNAME "no-dice"
#define PACKAGE_VERSION "0.3.0"
#define PACKAGE_STRING "no-dice 0.3.0"
#define PACKAGE_BUGREPORT "stephen.webb@bregmasoft.com"
#define PACKAGE_URL ""
#define PACKAGE "no-dice"
#define VERSION "0.3.0"
#define NODICE_UNUSED __attribute__((unused))

configure: exit 0
